  [4;36;1mSQL (0.004395)[0m   [0;1mSET NAMES 'utf8'[0m
  [4;35;1mSQL (0.000100)[0m   [0mSET SQL_AUTO_IS_NULL=0[0m
  [4;36;1mSQL (0.143363)[0m   [0;1mCREATE DATABASE `select_with_include_test_development` DEFAULT CHARACTER SET `utf8` COLLATE `utf8_general_ci`[0m
  [4;36;1mSQL (0.000137)[0m   [0;1mSET NAMES 'utf8'[0m
  [4;35;1mSQL (0.000086)[0m   [0mSET SQL_AUTO_IS_NULL=0[0m
  [4;36;1mSQL (0.290586)[0m   [0;1mCREATE TABLE `schema_info` (version int(11))[0m
  [4;35;1mSQL (0.003923)[0m   [0mINSERT INTO `schema_info` (version) VALUES(0)[0m
  [4;36;1mSQL (0.001394)[0m   [0;1mSELECT * FROM schema_info[0m
  [4;35;1mSQL (0.000339)[0m   [0mSHOW TABLES[0m
  [4;36;1mSQL (0.000147)[0m   [0;1mSET NAMES 'utf8'[0m
  [4;35;1mSQL (0.000077)[0m   [0mSET SQL_AUTO_IS_NULL=0[0m
  [4;36;1mSQL (0.000000)[0m   [0;1mMysql::Error: Table 'schema_info' already exists: CREATE TABLE `schema_info` (version int(11))[0m
  [4;35;1mSQL (0.001138)[0m   [0mSELECT * FROM schema_info[0m
  [4;36;1mSQL (0.000279)[0m   [0;1mSHOW TABLES[0m
  [4;35;1mSQL (0.000112)[0m   [0mSET NAMES 'utf8'[0m
  [4;36;1mSQL (0.000089)[0m   [0;1mSET SQL_AUTO_IS_NULL=0[0m
  [4;35;1mSQL (0.875681)[0m   [0mDROP DATABASE IF EXISTS `select_with_include_test_test`[0m
  [4;36;1mSQL (0.000466)[0m   [0;1mCREATE DATABASE `select_with_include_test_test` DEFAULT CHARACTER SET `utf8`[0m
  [4;35;1mSQL (0.000126)[0m   [0mSET NAMES 'utf8'[0m
  [4;36;1mSQL (0.000088)[0m   [0;1mSET SQL_AUTO_IS_NULL=0[0m
  [4;35;1mSQL (0.101784)[0m   [0mCREATE TABLE `schema_info` (version int(11))[0m
  [4;36;1mSQL (0.002712)[0m   [0;1mINSERT INTO `schema_info` (version) VALUES(0)[0m
  [4;35;1mSQL (0.001731)[0m   [0mSHOW FIELDS FROM `schema_info`[0m
  [4;36;1mSQL (0.190836)[0m   [0;1mUPDATE schema_info SET version = 0[0m
  [4;36;1mSQL (0.000134)[0m   [0;1mSET NAMES 'utf8'[0m
  [4;35;1mSQL (0.000087)[0m   [0mSET SQL_AUTO_IS_NULL=0[0m
  [4;36;1mSQL (0.000000)[0m   [0;1mMysql::Error: Table 'schema_info' already exists: CREATE TABLE `schema_info` (version int(11))[0m
  [4;35;1mSQL (0.000226)[0m   [0mSELECT * FROM schema_info[0m
  [4;36;1mSQL (0.000250)[0m   [0;1mSHOW TABLES[0m
  [4;35;1mSQL (0.000108)[0m   [0mSET NAMES 'utf8'[0m
  [4;36;1mSQL (0.000086)[0m   [0;1mSET SQL_AUTO_IS_NULL=0[0m
  [4;35;1mSQL (0.007348)[0m   [0mDROP DATABASE IF EXISTS `select_with_include_test_test`[0m
  [4;36;1mSQL (0.000356)[0m   [0;1mCREATE DATABASE `select_with_include_test_test` DEFAULT CHARACTER SET `utf8`[0m
  [4;35;1mSQL (0.000115)[0m   [0mSET NAMES 'utf8'[0m
  [4;36;1mSQL (0.000084)[0m   [0;1mSET SQL_AUTO_IS_NULL=0[0m
  [4;35;1mSQL (0.155327)[0m   [0mCREATE TABLE `schema_info` (version int(11))[0m
  [4;36;1mSQL (0.002011)[0m   [0;1mINSERT INTO `schema_info` (version) VALUES(0)[0m
  [4;35;1mSQL (0.001527)[0m   [0mSHOW FIELDS FROM `schema_info`[0m
  [4;36;1mSQL (0.000886)[0m   [0;1mUPDATE schema_info SET version = 0[0m
  [4;36;1mSQL (0.000128)[0m   [0;1mSET NAMES 'utf8'[0m
  [4;35;1mSQL (0.000074)[0m   [0mSET SQL_AUTO_IS_NULL=0[0m
  [4;36;1mSQL (0.000000)[0m   [0;1mMysql::Error: Table 'schema_info' already exists: CREATE TABLE `schema_info` (version int(11))[0m
  [4;35;1mSQL (0.000000)[0m   [0mMysql::Error: Table 'schema_info' already exists: CREATE TABLE `schema_info` (version int(11))[0m
  [4;36;1mSQL (0.000189)[0m   [0;1mSELECT version FROM schema_info[0m
Migrating to CreatePosts (1)
  [4;35;1mSQL (0.890313)[0m   [0mCREATE TABLE `posts` (`id` int(11) DEFAULT NULL auto_increment PRIMARY KEY, `title` varchar(255) DEFAULT NULL, `created_at` datetime DEFAULT NULL, `updated_at` datetime DEFAULT NULL) ENGINE=InnoDB[0m
  [4;36;1mSQL (0.000296)[0m   [0;1mUPDATE schema_info SET version = 1[0m
  [4;35;1mSQL (0.000198)[0m   [0mSELECT version FROM schema_info[0m
Migrating to CreateComments (2)
  [4;36;1mSQL (0.255674)[0m   [0;1mCREATE TABLE `comments` (`id` int(11) DEFAULT NULL auto_increment PRIMARY KEY, `body` text DEFAULT NULL, `post_id` int(11) DEFAULT NULL, `created_at` datetime DEFAULT NULL, `updated_at` datetime DEFAULT NULL) ENGINE=InnoDB[0m
  [4;35;1mSQL (0.000609)[0m   [0mUPDATE schema_info SET version = 2[0m
  [4;36;1mSQL (0.000222)[0m   [0;1mSELECT * FROM schema_info[0m
  [4;35;1mSQL (0.000438)[0m   [0mSHOW TABLES[0m
  [4;36;1mSQL (0.002256)[0m   [0;1mSHOW FIELDS FROM `comments`[0m
  [4;35;1mSQL (0.001595)[0m   [0mdescribe `comments`[0m
  [4;36;1mSQL (0.001093)[0m   [0;1mSHOW KEYS FROM `comments`[0m
  [4;35;1mSQL (0.002228)[0m   [0mSHOW FIELDS FROM `posts`[0m
  [4;36;1mSQL (0.002842)[0m   [0;1mdescribe `posts`[0m
  [4;35;1mSQL (0.000790)[0m   [0mSHOW KEYS FROM `posts`[0m
  [4;36;1mSQL (0.000134)[0m   [0;1mSET NAMES 'utf8'[0m
  [4;35;1mSQL (0.000085)[0m   [0mSET SQL_AUTO_IS_NULL=0[0m
  [4;36;1mSQL (0.000000)[0m   [0;1mMysql::Error: Table 'schema_info' already exists: CREATE TABLE `schema_info` (version int(11))[0m
  [4;35;1mSQL (0.000197)[0m   [0mSELECT version FROM schema_info[0m
  [4;36;1mSQL (0.000098)[0m   [0;1mSELECT version FROM schema_info[0m
  [4;35;1mSQL (0.000169)[0m   [0mSELECT * FROM schema_info[0m
  [4;36;1mSQL (0.000297)[0m   [0;1mSHOW TABLES[0m
  [4;35;1mSQL (0.001642)[0m   [0mSHOW FIELDS FROM `comments`[0m
  [4;36;1mSQL (0.001684)[0m   [0;1mdescribe `comments`[0m
  [4;35;1mSQL (0.000782)[0m   [0mSHOW KEYS FROM `comments`[0m
  [4;36;1mSQL (0.001136)[0m   [0;1mSHOW FIELDS FROM `posts`[0m
  [4;35;1mSQL (0.004995)[0m   [0mdescribe `posts`[0m
  [4;36;1mSQL (0.000648)[0m   [0;1mSHOW KEYS FROM `posts`[0m
  [4;35;1mSQL (0.000111)[0m   [0mSET NAMES 'utf8'[0m
  [4;36;1mSQL (0.000086)[0m   [0;1mSET SQL_AUTO_IS_NULL=0[0m
  [4;35;1mSQL (0.000936)[0m   [0mDROP DATABASE IF EXISTS `select_with_include_test_test`[0m
  [4;36;1mSQL (0.000259)[0m   [0;1mCREATE DATABASE `select_with_include_test_test` DEFAULT CHARACTER SET `utf8`[0m
  [4;35;1mSQL (0.000115)[0m   [0mSET NAMES 'utf8'[0m
  [4;36;1mSQL (0.000085)[0m   [0;1mSET SQL_AUTO_IS_NULL=0[0m
  [4;35;1mSQL (0.000000)[0m   [0mMysql::Error: Unknown table 'comments': DROP TABLE `comments`[0m
  [4;36;1mSQL (0.452265)[0m   [0;1mCREATE TABLE `comments` (`id` int(11) DEFAULT NULL auto_increment PRIMARY KEY, `body` text DEFAULT NULL, `post_id` int(11) DEFAULT NULL, `created_at` datetime DEFAULT NULL, `updated_at` datetime DEFAULT NULL) ENGINE=InnoDB[0m
  [4;35;1mSQL (0.000000)[0m   [0mMysql::Error: Unknown table 'posts': DROP TABLE `posts`[0m
  [4;36;1mSQL (0.351547)[0m   [0;1mCREATE TABLE `posts` (`id` int(11) DEFAULT NULL auto_increment PRIMARY KEY, `title` varchar(255) DEFAULT NULL, `created_at` datetime DEFAULT NULL, `updated_at` datetime DEFAULT NULL) ENGINE=InnoDB[0m
  [4;35;1mSQL (0.105801)[0m   [0mCREATE TABLE `schema_info` (version int(11))[0m
  [4;36;1mSQL (0.000848)[0m   [0;1mINSERT INTO `schema_info` (version) VALUES(0)[0m
  [4;35;1mSQL (0.001629)[0m   [0mSHOW FIELDS FROM `schema_info`[0m
  [4;36;1mSQL (0.003508)[0m   [0;1mUPDATE schema_info SET version = 2[0m
  [4;36;1mSQL (0.000132)[0m   [0;1mSET NAMES 'utf8'[0m
  [4;35;1mSQL (0.000085)[0m   [0mSET SQL_AUTO_IS_NULL=0[0m
  [4;36;1mSQL (0.000000)[0m   [0;1mMysql::Error: Table 'schema_info' already exists: CREATE TABLE `schema_info` (version int(11))[0m
  [4;35;1mSQL (0.000223)[0m   [0mSELECT version FROM schema_info[0m
  [4;36;1mSQL (0.000107)[0m   [0;1mSELECT version FROM schema_info[0m
  [4;35;1mSQL (0.000130)[0m   [0mSELECT * FROM schema_info[0m
  [4;36;1mSQL (0.000308)[0m   [0;1mSHOW TABLES[0m
  [4;35;1mSQL (0.001341)[0m   [0mSHOW FIELDS FROM `comments`[0m
  [4;36;1mSQL (0.001525)[0m   [0;1mdescribe `comments`[0m
  [4;35;1mSQL (0.000759)[0m   [0mSHOW KEYS FROM `comments`[0m
  [4;36;1mSQL (0.001115)[0m   [0;1mSHOW FIELDS FROM `posts`[0m
  [4;35;1mSQL (0.003113)[0m   [0mdescribe `posts`[0m
  [4;36;1mSQL (0.001592)[0m   [0;1mSHOW KEYS FROM `posts`[0m
  [4;35;1mSQL (0.000112)[0m   [0mSET NAMES 'utf8'[0m
  [4;36;1mSQL (0.000085)[0m   [0;1mSET SQL_AUTO_IS_NULL=0[0m
  [4;35;1mSQL (0.936081)[0m   [0mDROP DATABASE IF EXISTS `select_with_include_test_test`[0m
  [4;36;1mSQL (0.000501)[0m   [0;1mCREATE DATABASE `select_with_include_test_test` DEFAULT CHARACTER SET `utf8`[0m
  [4;35;1mSQL (0.000113)[0m   [0mSET NAMES 'utf8'[0m
  [4;36;1mSQL (0.000090)[0m   [0;1mSET SQL_AUTO_IS_NULL=0[0m
  [4;35;1mSQL (0.000000)[0m   [0mMysql::Error: Unknown table 'comments': DROP TABLE `comments`[0m
  [4;36;1mSQL (0.184040)[0m   [0;1mCREATE TABLE `comments` (`id` int(11) DEFAULT NULL auto_increment PRIMARY KEY, `body` text DEFAULT NULL, `post_id` int(11) DEFAULT NULL, `created_at` datetime DEFAULT NULL, `updated_at` datetime DEFAULT NULL) ENGINE=InnoDB[0m
  [4;35;1mSQL (0.000000)[0m   [0mMysql::Error: Unknown table 'posts': DROP TABLE `posts`[0m
  [4;36;1mSQL (0.905415)[0m   [0;1mCREATE TABLE `posts` (`id` int(11) DEFAULT NULL auto_increment PRIMARY KEY, `title` varchar(255) DEFAULT NULL, `created_at` datetime DEFAULT NULL, `updated_at` datetime DEFAULT NULL) ENGINE=InnoDB[0m
  [4;35;1mSQL (0.190048)[0m   [0mCREATE TABLE `schema_info` (version int(11))[0m
  [4;36;1mSQL (0.000572)[0m   [0;1mINSERT INTO `schema_info` (version) VALUES(0)[0m
  [4;35;1mSQL (0.003534)[0m   [0mSHOW FIELDS FROM `schema_info`[0m
  [4;36;1mSQL (0.000523)[0m   [0;1mUPDATE schema_info SET version = 2[0m
  [4;36;1mSQL (0.000146)[0m   [0;1mSET NAMES 'utf8'[0m
  [4;35;1mSQL (0.000111)[0m   [0mSET SQL_AUTO_IS_NULL=0[0m
  [4;36;1mSQL (0.000000)[0m   [0;1mMysql::Error: Table 'schema_info' already exists: CREATE TABLE `schema_info` (version int(11))[0m
  [4;35;1mSQL (0.000237)[0m   [0mSELECT version FROM schema_info[0m
  [4;36;1mSQL (0.000103)[0m   [0;1mSELECT version FROM schema_info[0m
  [4;35;1mSQL (0.000152)[0m   [0mSELECT * FROM schema_info[0m
  [4;36;1mSQL (0.000323)[0m   [0;1mSHOW TABLES[0m
  [4;35;1mSQL (0.001532)[0m   [0mSHOW FIELDS FROM `comments`[0m
  [4;36;1mSQL (0.001388)[0m   [0;1mdescribe `comments`[0m
  [4;35;1mSQL (0.000761)[0m   [0mSHOW KEYS FROM `comments`[0m
  [4;36;1mSQL (0.001271)[0m   [0;1mSHOW FIELDS FROM `posts`[0m
  [4;35;1mSQL (0.001788)[0m   [0mdescribe `posts`[0m
  [4;36;1mSQL (0.000722)[0m   [0;1mSHOW KEYS FROM `posts`[0m
  [4;35;1mSQL (0.000107)[0m   [0mSET NAMES 'utf8'[0m
  [4;36;1mSQL (0.000087)[0m   [0;1mSET SQL_AUTO_IS_NULL=0[0m
  [4;35;1mSQL (0.004426)[0m   [0mDROP DATABASE IF EXISTS `select_with_include_test_test`[0m
  [4;36;1mSQL (0.000722)[0m   [0;1mCREATE DATABASE `select_with_include_test_test` DEFAULT CHARACTER SET `utf8`[0m
  [4;35;1mSQL (0.000117)[0m   [0mSET NAMES 'utf8'[0m
  [4;36;1mSQL (0.000085)[0m   [0;1mSET SQL_AUTO_IS_NULL=0[0m
  [4;35;1mSQL (0.000000)[0m   [0mMysql::Error: Unknown table 'comments': DROP TABLE `comments`[0m
  [4;36;1mSQL (0.277113)[0m   [0;1mCREATE TABLE `comments` (`id` int(11) DEFAULT NULL auto_increment PRIMARY KEY, `body` text DEFAULT NULL, `post_id` int(11) DEFAULT NULL, `created_at` datetime DEFAULT NULL, `updated_at` datetime DEFAULT NULL) ENGINE=InnoDB[0m
  [4;35;1mSQL (0.000000)[0m   [0mMysql::Error: Unknown table 'posts': DROP TABLE `posts`[0m
  [4;36;1mSQL (0.976512)[0m   [0;1mCREATE TABLE `posts` (`id` int(11) DEFAULT NULL auto_increment PRIMARY KEY, `title` varchar(255) DEFAULT NULL, `created_at` datetime DEFAULT NULL, `updated_at` datetime DEFAULT NULL) ENGINE=InnoDB[0m
  [4;35;1mSQL (0.216530)[0m   [0mCREATE TABLE `schema_info` (version int(11))[0m
  [4;36;1mSQL (0.001798)[0m   [0;1mINSERT INTO `schema_info` (version) VALUES(0)[0m
  [4;35;1mSQL (0.001238)[0m   [0mSHOW FIELDS FROM `schema_info`[0m
  [4;36;1mSQL (0.000582)[0m   [0;1mUPDATE schema_info SET version = 2[0m
  [4;36;1mSQL (0.000135)[0m   [0;1mSET NAMES 'utf8'[0m
  [4;35;1mSQL (0.000087)[0m   [0mSET SQL_AUTO_IS_NULL=0[0m
  [4;36;1mPost Columns (0.001477)[0m   [0;1mSHOW FIELDS FROM `posts`[0m
  [4;36;1mSQL (0.000465)[0m   [0;1mSET NAMES 'utf8'[0m
  [4;35;1mSQL (0.000082)[0m   [0mSET SQL_AUTO_IS_NULL=0[0m
  [4;36;1mPost Columns (0.001353)[0m   [0;1mSHOW FIELDS FROM `posts`[0m
  [4;36;1mSQL (0.000135)[0m   [0;1mSET NAMES 'utf8'[0m
  [4;35;1mSQL (0.000086)[0m   [0mSET SQL_AUTO_IS_NULL=0[0m
  [4;36;1mPost Columns (0.001495)[0m   [0;1mSHOW FIELDS FROM `posts`[0m
  [4;36;1mSQL (0.000136)[0m   [0;1mSET NAMES 'utf8'[0m
  [4;35;1mSQL (0.000087)[0m   [0mSET SQL_AUTO_IS_NULL=0[0m
  [4;36;1mPost Columns (0.001502)[0m   [0;1mSHOW FIELDS FROM `posts`[0m
  [4;36;1mSQL (0.000139)[0m   [0;1mSET NAMES 'utf8'[0m
  [4;35;1mSQL (0.000088)[0m   [0mSET SQL_AUTO_IS_NULL=0[0m
  [4;36;1mPost Columns (0.001490)[0m   [0;1mSHOW FIELDS FROM `posts`[0m
  [4;36;1mSQL (0.000136)[0m   [0;1mSET NAMES 'utf8'[0m
  [4;35;1mSQL (0.000087)[0m   [0mSET SQL_AUTO_IS_NULL=0[0m
  [4;36;1mPost Columns (0.001524)[0m   [0;1mSHOW FIELDS FROM `posts`[0m
  [4;35;1mComment Columns (0.001316)[0m   [0mSHOW FIELDS FROM `comments`[0m
  [4;36;1mSQL (0.000143)[0m   [0;1mSET NAMES 'utf8'[0m
  [4;35;1mSQL (0.000087)[0m   [0mSET SQL_AUTO_IS_NULL=0[0m
  [4;36;1mPost Columns (0.001432)[0m   [0;1mSHOW FIELDS FROM `posts`[0m
  [4;35;1mComment Columns (0.001307)[0m   [0mSHOW FIELDS FROM `comments`[0m
  [4;36;1mSQL (0.000095)[0m   [0;1mBEGIN[0m
  [4;35;1mSQL (0.000073)[0m   [0mCOMMIT[0m
  [4;36;1mSQL (0.000133)[0m   [0;1mSET NAMES 'utf8'[0m
  [4;35;1mSQL (0.000087)[0m   [0mSET SQL_AUTO_IS_NULL=0[0m
  [4;36;1mPost Columns (0.001509)[0m   [0;1mSHOW FIELDS FROM `posts`[0m
  [4;35;1mComment Columns (0.001465)[0m   [0mSHOW FIELDS FROM `comments`[0m
  [4;36;1mSQL (0.002205)[0m   [0;1mBEGIN[0m
  [4;35;1mSQL (0.000075)[0m   [0mCOMMIT[0m
  [4;36;1mSQL (0.000134)[0m   [0;1mSET NAMES 'utf8'[0m
  [4;35;1mSQL (0.000087)[0m   [0mSET SQL_AUTO_IS_NULL=0[0m
  [4;36;1mPost Columns (0.001458)[0m   [0;1mSHOW FIELDS FROM `posts`[0m
  [4;35;1mComment Columns (0.001148)[0m   [0mSHOW FIELDS FROM `comments`[0m
  [4;36;1mSQL (0.000081)[0m   [0;1mBEGIN[0m
  [4;35;1mSQL (0.000071)[0m   [0mCOMMIT[0m
  [4;36;1mSQL (0.000139)[0m   [0;1mSET NAMES 'utf8'[0m
  [4;35;1mSQL (0.000088)[0m   [0mSET SQL_AUTO_IS_NULL=0[0m
  [4;36;1mPost Columns (0.001539)[0m   [0;1mSHOW FIELDS FROM `posts`[0m
  [4;35;1mComment Columns (0.002093)[0m   [0mSHOW FIELDS FROM `comments`[0m
  [4;36;1mSQL (0.000272)[0m   [0;1mBEGIN[0m
  [4;35;1mSQL (0.000054)[0m   [0mCOMMIT[0m
  [4;36;1mSQL (0.000053)[0m   [0;1mBEGIN[0m
  [4;35;1mSQL (0.000050)[0m   [0mCOMMIT[0m
  [4;36;1mSQL (0.000054)[0m   [0;1mBEGIN[0m
  [4;35;1mSQL (0.000050)[0m   [0mCOMMIT[0m
  [4;36;1mSQL (0.000050)[0m   [0;1mBEGIN[0m
  [4;35;1mSQL (0.000051)[0m   [0mCOMMIT[0m
  [4;36;1mSQL (0.000597)[0m   [0;1mBEGIN[0m
  [4;35;1mSQL (0.000082)[0m   [0mCOMMIT[0m
  [4;36;1mSQL (0.000132)[0m   [0;1mSET NAMES 'utf8'[0m
  [4;35;1mSQL (0.000086)[0m   [0mSET SQL_AUTO_IS_NULL=0[0m
  [4;36;1mPost Columns (0.001472)[0m   [0;1mSHOW FIELDS FROM `posts`[0m
  [4;35;1mComment Columns (0.001128)[0m   [0mSHOW FIELDS FROM `comments`[0m
  [4;36;1mSQL (0.000080)[0m   [0;1mBEGIN[0m
  [4;35;1mSQL (0.000075)[0m   [0mCOMMIT[0m
  [4;36;1mSQL (0.000069)[0m   [0;1mBEGIN[0m
  [4;35;1mSQL (0.000069)[0m   [0mCOMMIT[0m
  [4;36;1mSQL (0.000068)[0m   [0;1mBEGIN[0m
  [4;35;1mSQL (0.000055)[0m   [0mCOMMIT[0m
  [4;36;1mSQL (0.000069)[0m   [0;1mBEGIN[0m
  [4;35;1mSQL (0.000069)[0m   [0mCOMMIT[0m
  [4;36;1mSQL (0.000068)[0m   [0;1mBEGIN[0m
  [4;35;1mSQL (0.000068)[0m   [0mCOMMIT[0m
  [4;36;1mPost Load Including Associations (0.116701)[0m   [0;1mSELECT `posts`.`id` AS t0_r0, `posts`.`title` AS t0_r1, `posts`.`created_at` AS t0_r2, `posts`.`updated_at` AS t0_r3, `comments`.`id` AS t1_r0, `comments`.`body` AS t1_r1, `comments`.`post_id` AS t1_r2, `comments`.`created_at` AS t1_r3, `comments`.`updated_at` AS t1_r4 FROM `posts` LEFT OUTER JOIN `comments` ON comments.post_id = posts.id [0m
  [4;36;1mSQL (0.000132)[0m   [0;1mSET NAMES 'utf8'[0m
  [4;35;1mSQL (0.000086)[0m   [0mSET SQL_AUTO_IS_NULL=0[0m
  [4;36;1mPost Columns (0.001528)[0m   [0;1mSHOW FIELDS FROM `posts`[0m
  [4;35;1mComment Columns (0.001332)[0m   [0mSHOW FIELDS FROM `comments`[0m
  [4;36;1mSQL (0.000098)[0m   [0;1mBEGIN[0m
  [4;35;1mSQL (0.000057)[0m   [0mCOMMIT[0m
  [4;36;1mSQL (0.000051)[0m   [0;1mBEGIN[0m
  [4;35;1mSQL (0.000050)[0m   [0mCOMMIT[0m
  [4;36;1mSQL (0.000051)[0m   [0;1mBEGIN[0m
  [4;35;1mSQL (0.000051)[0m   [0mCOMMIT[0m
  [4;36;1mSQL (0.000050)[0m   [0;1mBEGIN[0m
  [4;35;1mSQL (0.000050)[0m   [0mCOMMIT[0m
  [4;36;1mSQL (0.000088)[0m   [0;1mBEGIN[0m
  [4;35;1mSQL (0.000071)[0m   [0mCOMMIT[0m
  [4;36;1mPost Load Including Associations (0.001228)[0m   [0;1mSELECT `posts`.`id` AS t0_r0, `posts`.`title` AS t0_r1, `posts`.`created_at` AS t0_r2, `posts`.`updated_at` AS t0_r3, `comments`.`id` AS t1_r0, `comments`.`body` AS t1_r1, `comments`.`post_id` AS t1_r2, `comments`.`created_at` AS t1_r3, `comments`.`updated_at` AS t1_r4 FROM `posts` LEFT OUTER JOIN `comments` ON comments.post_id = posts.id [0m
  [4;36;1mSQL (0.000134)[0m   [0;1mSET NAMES 'utf8'[0m
  [4;35;1mSQL (0.000086)[0m   [0mSET SQL_AUTO_IS_NULL=0[0m
  [4;36;1mPost Columns (0.001319)[0m   [0;1mSHOW FIELDS FROM `posts`[0m
  [4;35;1mComment Columns (0.001236)[0m   [0mSHOW FIELDS FROM `comments`[0m
  [4;36;1mSQL (0.000090)[0m   [0;1mBEGIN[0m
  [4;35;1mSQL (0.000073)[0m   [0mCOMMIT[0m
  [4;36;1mSQL (0.000070)[0m   [0;1mBEGIN[0m
  [4;35;1mSQL (0.000056)[0m   [0mCOMMIT[0m
  [4;36;1mSQL (0.000069)[0m   [0;1mBEGIN[0m
  [4;35;1mSQL (0.000068)[0m   [0mCOMMIT[0m
  [4;36;1mSQL (0.000069)[0m   [0;1mBEGIN[0m
  [4;35;1mSQL (0.000064)[0m   [0mCOMMIT[0m
  [4;36;1mSQL (0.000071)[0m   [0;1mBEGIN[0m
  [4;35;1mSQL (0.000068)[0m   [0mCOMMIT[0m
  [4;36;1mPost Load Including Associations (0.000257)[0m   [0;1mSELECT `posts`.`id` AS t0_r0, `posts`.`title` AS t0_r1, `posts`.`created_at` AS t0_r2, `posts`.`updated_at` AS t0_r3, `comments`.`id` AS t1_r0, `comments`.`body` AS t1_r1, `comments`.`post_id` AS t1_r2, `comments`.`created_at` AS t1_r3, `comments`.`updated_at` AS t1_r4 FROM `posts` LEFT OUTER JOIN `comments` ON comments.post_id = posts.id [0m
  [4;36;1mSQL (0.000134)[0m   [0;1mSET NAMES 'utf8'[0m
  [4;35;1mSQL (0.000102)[0m   [0mSET SQL_AUTO_IS_NULL=0[0m
  [4;36;1mPost Columns (0.001843)[0m   [0;1mSHOW FIELDS FROM `posts`[0m
  [4;35;1mComment Columns (0.001362)[0m   [0mSHOW FIELDS FROM `comments`[0m
  [4;36;1mSQL (0.001849)[0m   [0;1mBEGIN[0m
  [4;35;1mSQL (0.000082)[0m   [0mCOMMIT[0m
  [4;36;1mSQL (0.000068)[0m   [0;1mBEGIN[0m
  [4;35;1mSQL (0.000083)[0m   [0mCOMMIT[0m
  [4;36;1mSQL (0.001045)[0m   [0;1mBEGIN[0m
  [4;35;1mSQL (0.000085)[0m   [0mCOMMIT[0m
  [4;36;1mSQL (0.000082)[0m   [0;1mBEGIN[0m
  [4;35;1mSQL (0.000081)[0m   [0mCOMMIT[0m
  [4;36;1mSQL (0.000088)[0m   [0;1mBEGIN[0m
  [4;35;1mSQL (0.000081)[0m   [0mCOMMIT[0m
  [4;36;1mPost Load Including Associations (0.000272)[0m   [0;1mSELECT `posts`.`id` AS t0_r0, `posts`.`title` AS t0_r1, `posts`.`created_at` AS t0_r2, `posts`.`updated_at` AS t0_r3, `comments`.`id` AS t1_r0, `comments`.`body` AS t1_r1, `comments`.`post_id` AS t1_r2, `comments`.`created_at` AS t1_r3, `comments`.`updated_at` AS t1_r4 FROM `posts` LEFT OUTER JOIN `comments` ON comments.post_id = posts.id [0m
  [4;36;1mSQL (0.000140)[0m   [0;1mSET NAMES 'utf8'[0m
  [4;35;1mSQL (0.000075)[0m   [0mSET SQL_AUTO_IS_NULL=0[0m
  [4;36;1mPost Columns (0.001821)[0m   [0;1mSHOW FIELDS FROM `posts`[0m
  [4;35;1mComment Columns (0.001271)[0m   [0mSHOW FIELDS FROM `comments`[0m
  [4;36;1mSQL (0.000112)[0m   [0;1mBEGIN[0m
  [4;35;1mSQL (0.000089)[0m   [0mCOMMIT[0m
  [4;36;1mSQL (0.000073)[0m   [0;1mBEGIN[0m
  [4;35;1mSQL (0.000082)[0m   [0mCOMMIT[0m
  [4;36;1mSQL (0.000052)[0m   [0;1mBEGIN[0m
  [4;35;1mSQL (0.000076)[0m   [0mCOMMIT[0m
  [4;36;1mSQL (0.000059)[0m   [0;1mBEGIN[0m
  [4;35;1mSQL (0.000077)[0m   [0mCOMMIT[0m
  [4;36;1mSQL (0.000158)[0m   [0;1mBEGIN[0m
  [4;35;1mSQL (0.000139)[0m   [0mCOMMIT[0m
  [4;36;1mPost Load Including Associations (0.000634)[0m   [0;1mSELECT `posts`.`id` AS t0_r0, `posts`.`title` AS t0_r1, `posts`.`created_at` AS t0_r2, `posts`.`updated_at` AS t0_r3, `comments`.`id` AS t1_r0, `comments`.`body` AS t1_r1, `comments`.`post_id` AS t1_r2, `comments`.`created_at` AS t1_r3, `comments`.`updated_at` AS t1_r4 FROM `posts` LEFT OUTER JOIN `comments` ON comments.post_id = posts.id [0m
  [4;36;1mSQL (0.000220)[0m   [0;1mSET NAMES 'utf8'[0m
  [4;35;1mSQL (0.000177)[0m   [0mSET SQL_AUTO_IS_NULL=0[0m
  [4;36;1mPost Columns (0.003275)[0m   [0;1mSHOW FIELDS FROM `posts`[0m
  [4;35;1mComment Columns (0.001706)[0m   [0mSHOW FIELDS FROM `comments`[0m
  [4;36;1mSQL (0.001133)[0m   [0;1mBEGIN[0m
  [4;35;1mSQL (0.000104)[0m   [0mCOMMIT[0m
  [4;36;1mSQL (0.000104)[0m   [0;1mBEGIN[0m
  [4;35;1mSQL (0.000108)[0m   [0mCOMMIT[0m
  [4;36;1mSQL (0.000084)[0m   [0;1mBEGIN[0m
  [4;35;1mSQL (0.000130)[0m   [0mCOMMIT[0m
  [4;36;1mSQL (0.000099)[0m   [0;1mBEGIN[0m
  [4;35;1mSQL (0.000109)[0m   [0mCOMMIT[0m
  [4;36;1mSQL (0.000101)[0m   [0;1mBEGIN[0m
  [4;35;1mSQL (0.000433)[0m   [0mCOMMIT[0m
  [4;36;1mSQL (0.000133)[0m   [0;1mSET NAMES 'utf8'[0m
  [4;35;1mSQL (0.000093)[0m   [0mSET SQL_AUTO_IS_NULL=0[0m
  [4;36;1mPost Columns (0.001841)[0m   [0;1mSHOW FIELDS FROM `posts`[0m
  [4;35;1mComment Columns (0.001331)[0m   [0mSHOW FIELDS FROM `comments`[0m
  [4;36;1mSQL (0.000105)[0m   [0;1mBEGIN[0m
  [4;35;1mSQL (0.000073)[0m   [0mCOMMIT[0m
  [4;36;1mSQL (0.000070)[0m   [0;1mBEGIN[0m
  [4;35;1mSQL (0.000084)[0m   [0mCOMMIT[0m
  [4;36;1mSQL (0.000067)[0m   [0;1mBEGIN[0m
  [4;35;1mSQL (0.000068)[0m   [0mCOMMIT[0m
  [4;36;1mSQL (0.000066)[0m   [0;1mBEGIN[0m
  [4;35;1mSQL (0.000076)[0m   [0mCOMMIT[0m
  [4;36;1mSQL (0.000065)[0m   [0;1mBEGIN[0m
  [4;35;1mSQL (0.000069)[0m   [0mCOMMIT[0m
  [4;36;1mSQL (0.000132)[0m   [0;1mSET NAMES 'utf8'[0m
  [4;35;1mSQL (0.000074)[0m   [0mSET SQL_AUTO_IS_NULL=0[0m
  [4;36;1mPost Columns (0.001309)[0m   [0;1mSHOW FIELDS FROM `posts`[0m
  [4;35;1mComment Columns (0.001311)[0m   [0mSHOW FIELDS FROM `comments`[0m
  [4;36;1mSQL (0.000098)[0m   [0;1mBEGIN[0m
  [4;35;1mSQL (0.000128)[0m   [0mCOMMIT[0m
  [4;36;1mSQL (0.000065)[0m   [0;1mBEGIN[0m
  [4;35;1mSQL (0.000082)[0m   [0mCOMMIT[0m
  [4;36;1mSQL (0.000053)[0m   [0;1mBEGIN[0m
  [4;35;1mSQL (0.000079)[0m   [0mCOMMIT[0m
  [4;36;1mSQL (0.000066)[0m   [0;1mBEGIN[0m
  [4;35;1mSQL (0.000086)[0m   [0mCOMMIT[0m
  [4;36;1mSQL (0.000061)[0m   [0;1mBEGIN[0m
  [4;35;1mSQL (0.000076)[0m   [0mCOMMIT[0m
DEPRECATION WARNING: config.action_view.cache_template_extensions option has been deprecated and has no affect. Please remove it from your config files.  See http://www.rubyonrails.org/deprecation for details. (called from send at /Library/Ruby/Gems/1.8/gems/rails-2.1.2/lib/initializer.rb:464)
  [4;36;1mSQL (0.000142)[0m   [0;1mSET NAMES 'utf8'[0m
  [4;35;1mSQL (0.000097)[0m   [0mSET SQL_AUTO_IS_NULL=0[0m
  [4;36;1mPost Columns (0.001373)[0m   [0;1mSHOW FIELDS FROM `posts`[0m
  [4;35;1mComment Columns (0.001416)[0m   [0mSHOW FIELDS FROM `comments`[0m
  [4;36;1mSQL (0.000086)[0m   [0;1mBEGIN[0m
  [4;35;1mSQL (0.000062)[0m   [0mCOMMIT[0m
  [4;36;1mSQL (0.000072)[0m   [0;1mBEGIN[0m
  [4;35;1mSQL (0.000070)[0m   [0mCOMMIT[0m
  [4;36;1mSQL (0.000068)[0m   [0;1mBEGIN[0m
  [4;35;1mSQL (0.000068)[0m   [0mCOMMIT[0m
  [4;36;1mSQL (0.000069)[0m   [0;1mBEGIN[0m
  [4;35;1mSQL (0.000068)[0m   [0mCOMMIT[0m
  [4;36;1mSQL (0.000071)[0m   [0;1mBEGIN[0m
  [4;35;1mSQL (0.000068)[0m   [0mCOMMIT[0m
  [4;36;1mPost Load (0.000000)[0m   [0;1mMysql::Error: Unknown column 'body' in 'field list': SELECT body FROM `posts` [0m
DEPRECATION WARNING: config.action_view.cache_template_extensions option has been deprecated and has no affect. Please remove it from your config files.  See http://www.rubyonrails.org/deprecation for details. (called from send at /Library/Ruby/Gems/1.8/gems/rails-2.1.2/lib/initializer.rb:464)
DEPRECATION WARNING: config.action_view.cache_template_extensions option has been deprecated and has no affect. Please remove it from your config files.  See http://www.rubyonrails.org/deprecation for details. (called from send at /Library/Ruby/Gems/1.8/gems/rails-2.1.2/lib/initializer.rb:464)
  [4;36;1mSQL (0.000137)[0m   [0;1mSET NAMES 'utf8'[0m
  [4;35;1mSQL (0.000087)[0m   [0mSET SQL_AUTO_IS_NULL=0[0m
  [4;36;1mPost Columns (0.001523)[0m   [0;1mSHOW FIELDS FROM `posts`[0m
  [4;35;1mComment Columns (0.001360)[0m   [0mSHOW FIELDS FROM `comments`[0m
  [4;36;1mSQL (0.000090)[0m   [0;1mBEGIN[0m
  [4;35;1mSQL (0.000072)[0m   [0mCOMMIT[0m
  [4;36;1mSQL (0.000070)[0m   [0;1mBEGIN[0m
  [4;35;1mSQL (0.000056)[0m   [0mCOMMIT[0m
  [4;36;1mSQL (0.000076)[0m   [0;1mBEGIN[0m
  [4;35;1mSQL (0.000074)[0m   [0mCOMMIT[0m
  [4;36;1mSQL (0.000070)[0m   [0;1mBEGIN[0m
  [4;35;1mSQL (0.000069)[0m   [0mCOMMIT[0m
  [4;36;1mSQL (0.000069)[0m   [0;1mBEGIN[0m
  [4;35;1mSQL (0.000068)[0m   [0mCOMMIT[0m
  [4;36;1mPost Load (0.000000)[0m   [0;1mMysql::Error: Unknown column 'body' in 'field list': SELECT body FROM `posts` [0m
DEPRECATION WARNING: config.action_view.cache_template_extensions option has been deprecated and has no affect. Please remove it from your config files.  See http://www.rubyonrails.org/deprecation for details. (called from send at /Library/Ruby/Gems/1.8/gems/rails-2.1.2/lib/initializer.rb:464)
  [4;36;1mSQL (0.000135)[0m   [0;1mSET NAMES 'utf8'[0m
  [4;35;1mSQL (0.000086)[0m   [0mSET SQL_AUTO_IS_NULL=0[0m
  [4;36;1mPost Columns (0.001464)[0m   [0;1mSHOW FIELDS FROM `posts`[0m
  [4;35;1mComment Columns (0.001264)[0m   [0mSHOW FIELDS FROM `comments`[0m
  [4;36;1mSQL (0.000093)[0m   [0;1mBEGIN[0m
  [4;35;1mSQL (0.000072)[0m   [0mCOMMIT[0m
  [4;36;1mSQL (0.000069)[0m   [0;1mBEGIN[0m
  [4;35;1mSQL (0.000068)[0m   [0mCOMMIT[0m
  [4;36;1mSQL (0.000068)[0m   [0;1mBEGIN[0m
  [4;35;1mSQL (0.000069)[0m   [0mCOMMIT[0m
  [4;36;1mSQL (0.000068)[0m   [0;1mBEGIN[0m
  [4;35;1mSQL (0.000068)[0m   [0mCOMMIT[0m
  [4;36;1mSQL (0.000056)[0m   [0;1mBEGIN[0m
  [4;35;1mSQL (0.000056)[0m   [0mCOMMIT[0m
  [4;36;1mPost Load (0.000000)[0m   [0;1mMysql::Error: Unknown column 'body' in 'field list': SELECT body FROM `posts` [0m
DEPRECATION WARNING: config.action_view.cache_template_extensions option has been deprecated and has no affect. Please remove it from your config files.  See http://www.rubyonrails.org/deprecation for details. (called from send at /Library/Ruby/Gems/1.8/gems/rails-2.1.2/lib/initializer.rb:464)
  [4;36;1mSQL (0.000135)[0m   [0;1mSET NAMES 'utf8'[0m
  [4;35;1mSQL (0.000086)[0m   [0mSET SQL_AUTO_IS_NULL=0[0m
  [4;36;1mPost Columns (0.001448)[0m   [0;1mSHOW FIELDS FROM `posts`[0m
  [4;35;1mComment Columns (0.001240)[0m   [0mSHOW FIELDS FROM `comments`[0m
  [4;36;1mSQL (0.000088)[0m   [0;1mBEGIN[0m
  [4;35;1mSQL (0.000072)[0m   [0mCOMMIT[0m
  [4;36;1mSQL (0.000069)[0m   [0;1mBEGIN[0m
  [4;35;1mSQL (0.000069)[0m   [0mCOMMIT[0m
  [4;36;1mSQL (0.000069)[0m   [0;1mBEGIN[0m
  [4;35;1mSQL (0.000062)[0m   [0mCOMMIT[0m
  [4;36;1mSQL (0.000073)[0m   [0;1mBEGIN[0m
  [4;35;1mSQL (0.000069)[0m   [0mCOMMIT[0m
  [4;36;1mSQL (0.000070)[0m   [0;1mBEGIN[0m
  [4;35;1mSQL (0.000068)[0m   [0mCOMMIT[0m
  [4;36;1mPost Load (0.000000)[0m   [0;1mMysql::Error: Unknown column 'body' in 'field list': SELECT body FROM `posts` [0m
DEPRECATION WARNING: config.action_view.cache_template_extensions option has been deprecated and has no affect. Please remove it from your config files.  See http://www.rubyonrails.org/deprecation for details. (called from send at /Library/Ruby/Gems/1.8/gems/rails-2.1.2/lib/initializer.rb:464)
  [4;36;1mSQL (0.000134)[0m   [0;1mSET NAMES 'utf8'[0m
  [4;35;1mSQL (0.000086)[0m   [0mSET SQL_AUTO_IS_NULL=0[0m
  [4;36;1mPost Columns (0.001409)[0m   [0;1mSHOW FIELDS FROM `posts`[0m
  [4;35;1mComment Columns (0.001418)[0m   [0mSHOW FIELDS FROM `comments`[0m
  [4;36;1mSQL (0.000097)[0m   [0;1mBEGIN[0m
  [4;35;1mSQL (0.000072)[0m   [0mCOMMIT[0m
  [4;36;1mSQL (0.000070)[0m   [0;1mBEGIN[0m
  [4;35;1mSQL (0.000069)[0m   [0mCOMMIT[0m
  [4;36;1mSQL (0.000068)[0m   [0;1mBEGIN[0m
  [4;35;1mSQL (0.000069)[0m   [0mCOMMIT[0m
  [4;36;1mSQL (0.000070)[0m   [0;1mBEGIN[0m
  [4;35;1mSQL (0.000089)[0m   [0mCOMMIT[0m
  [4;36;1mSQL (0.000071)[0m   [0;1mBEGIN[0m
  [4;35;1mSQL (0.000068)[0m   [0mCOMMIT[0m
  [4;36;1mPost Load (0.000000)[0m   [0;1mMysql::Error: Unknown column 'body' in 'field list': SELECT body FROM `posts` [0m
DEPRECATION WARNING: config.action_view.cache_template_extensions option has been deprecated and has no affect. Please remove it from your config files.  See http://www.rubyonrails.org/deprecation for details. (called from send at /Library/Ruby/Gems/1.8/gems/rails-2.1.2/lib/initializer.rb:464)
  [4;36;1mSQL (0.000141)[0m   [0;1mSET NAMES 'utf8'[0m
  [4;35;1mSQL (0.000085)[0m   [0mSET SQL_AUTO_IS_NULL=0[0m
  [4;36;1mPost Columns (0.001731)[0m   [0;1mSHOW FIELDS FROM `posts`[0m
  [4;35;1mComment Columns (0.002184)[0m   [0mSHOW FIELDS FROM `comments`[0m
  [4;36;1mSQL (0.000132)[0m   [0;1mBEGIN[0m
  [4;35;1mSQL (0.000073)[0m   [0mCOMMIT[0m
  [4;36;1mSQL (0.000070)[0m   [0;1mBEGIN[0m
  [4;35;1mSQL (0.000056)[0m   [0mCOMMIT[0m
  [4;36;1mSQL (0.000070)[0m   [0;1mBEGIN[0m
  [4;35;1mSQL (0.000069)[0m   [0mCOMMIT[0m
  [4;36;1mSQL (0.000060)[0m   [0;1mBEGIN[0m
  [4;35;1mSQL (0.000056)[0m   [0mCOMMIT[0m
  [4;36;1mSQL (0.000789)[0m   [0;1mBEGIN[0m
  [4;35;1mSQL (0.000082)[0m   [0mCOMMIT[0m
DEPRECATION WARNING: config.action_view.cache_template_extensions option has been deprecated and has no affect. Please remove it from your config files.  See http://www.rubyonrails.org/deprecation for details. (called from send at /Library/Ruby/Gems/1.8/gems/rails-2.1.2/lib/initializer.rb:464)
  [4;36;1mSQL (0.000136)[0m   [0;1mSET NAMES 'utf8'[0m
  [4;35;1mSQL (0.000087)[0m   [0mSET SQL_AUTO_IS_NULL=0[0m
  [4;36;1mPost Columns (0.001802)[0m   [0;1mSHOW FIELDS FROM `posts`[0m
  [4;35;1mComment Columns (0.001295)[0m   [0mSHOW FIELDS FROM `comments`[0m
  [4;36;1mSQL (0.000090)[0m   [0;1mBEGIN[0m
  [4;35;1mSQL (0.000060)[0m   [0mCOMMIT[0m
  [4;36;1mSQL (0.000057)[0m   [0;1mBEGIN[0m
  [4;35;1mSQL (0.000080)[0m   [0mCOMMIT[0m
  [4;36;1mSQL (0.000079)[0m   [0;1mBEGIN[0m
  [4;35;1mSQL (0.000070)[0m   [0mCOMMIT[0m
  [4;36;1mSQL (0.000069)[0m   [0;1mBEGIN[0m
  [4;35;1mSQL (0.000068)[0m   [0mCOMMIT[0m
  [4;36;1mSQL (0.000068)[0m   [0;1mBEGIN[0m
  [4;35;1mSQL (0.000068)[0m   [0mCOMMIT[0m
DEPRECATION WARNING: config.action_view.cache_template_extensions option has been deprecated and has no affect. Please remove it from your config files.  See http://www.rubyonrails.org/deprecation for details. (called from send at /Library/Ruby/Gems/1.8/gems/rails-2.1.2/lib/initializer.rb:464)
  [4;36;1mSQL (0.000146)[0m   [0;1mSET NAMES 'utf8'[0m
  [4;35;1mSQL (0.000117)[0m   [0mSET SQL_AUTO_IS_NULL=0[0m
  [4;36;1mPost Columns (0.001514)[0m   [0;1mSHOW FIELDS FROM `posts`[0m
  [4;35;1mComment Columns (0.001297)[0m   [0mSHOW FIELDS FROM `comments`[0m
  [4;36;1mSQL (0.000099)[0m   [0;1mBEGIN[0m
  [4;35;1mSQL (0.000095)[0m   [0mCOMMIT[0m
  [4;36;1mSQL (0.000080)[0m   [0;1mBEGIN[0m
  [4;35;1mSQL (0.000068)[0m   [0mCOMMIT[0m
  [4;36;1mSQL (0.000067)[0m   [0;1mBEGIN[0m
  [4;35;1mSQL (0.000078)[0m   [0mCOMMIT[0m
  [4;36;1mSQL (0.000067)[0m   [0;1mBEGIN[0m
  [4;35;1mSQL (0.000069)[0m   [0mCOMMIT[0m
  [4;36;1mSQL (0.000065)[0m   [0;1mBEGIN[0m
  [4;35;1mSQL (0.000079)[0m   [0mCOMMIT[0m
DEPRECATION WARNING: config.action_view.cache_template_extensions option has been deprecated and has no affect. Please remove it from your config files.  See http://www.rubyonrails.org/deprecation for details. (called from send at /Library/Ruby/Gems/1.8/gems/rails-2.1.2/lib/initializer.rb:464)
  [4;36;1mSQL (0.000136)[0m   [0;1mSET NAMES 'utf8'[0m
  [4;35;1mSQL (0.000074)[0m   [0mSET SQL_AUTO_IS_NULL=0[0m
  [4;36;1mPost Columns (0.001469)[0m   [0;1mSHOW FIELDS FROM `posts`[0m
  [4;35;1mComment Columns (0.001201)[0m   [0mSHOW FIELDS FROM `comments`[0m
  [4;36;1mSQL (0.000296)[0m   [0;1mBEGIN[0m
  [4;35;1mSQL (0.000177)[0m   [0mCOMMIT[0m
  [4;36;1mSQL (0.000176)[0m   [0;1mBEGIN[0m
  [4;35;1mSQL (0.000155)[0m   [0mCOMMIT[0m
  [4;36;1mSQL (0.000054)[0m   [0;1mBEGIN[0m
  [4;35;1mSQL (0.000053)[0m   [0mCOMMIT[0m
  [4;36;1mSQL (0.000067)[0m   [0;1mBEGIN[0m
  [4;35;1mSQL (0.000077)[0m   [0mCOMMIT[0m
  [4;36;1mSQL (0.000070)[0m   [0;1mBEGIN[0m
  [4;35;1mSQL (0.000069)[0m   [0mCOMMIT[0m
  [4;36;1mPost Load Including Associations (0.000964)[0m   [0;1mSELECT posts.`id` AS t0_r0, posts.`title` AS t0_r1, posts.`created_at` AS t0_r2, posts.`updated_at` AS t0_r3, comments.`id` AS t1_r0, comments.`body` AS t1_r1, comments.`post_id` AS t1_r2, comments.`created_at` AS t1_r3, comments.`updated_at` AS t1_r4 FROM posts LEFT OUTER JOIN `comments` ON comments.post_id = posts.id [0m
  [4;36;1mSQL (0.1ms)[0m   [0;1mSET NAMES 'utf8'[0m
  [4;35;1mSQL (0.1ms)[0m   [0mSET SQL_AUTO_IS_NULL=0[0m
  [4;36;1mPost Columns (1.3ms)[0m   [0;1mSHOW FIELDS FROM `posts`[0m
  [4;35;1mComment Columns (1.4ms)[0m   [0mSHOW FIELDS FROM `comments`[0m
  [4;36;1mSQL (0.1ms)[0m   [0;1mBEGIN[0m
  [4;35;1mSQL (0.1ms)[0m   [0mCOMMIT[0m
  [4;36;1mSQL (0.1ms)[0m   [0;1mBEGIN[0m
  [4;35;1mSQL (0.1ms)[0m   [0mCOMMIT[0m
  [4;36;1mSQL (0.1ms)[0m   [0;1mBEGIN[0m
  [4;35;1mSQL (0.1ms)[0m   [0mCOMMIT[0m
  [4;36;1mSQL (0.1ms)[0m   [0;1mBEGIN[0m
  [4;35;1mSQL (0.1ms)[0m   [0mCOMMIT[0m
  [4;36;1mSQL (0.1ms)[0m   [0;1mBEGIN[0m
  [4;35;1mSQL (0.1ms)[0m   [0mCOMMIT[0m
  [4;36;1mPost Load Including Associations (1.6ms)[0m   [0;1mSELECT posts.`id` AS t0_r0, posts.`title` AS t0_r1, posts.`created_at` AS t0_r2, posts.`updated_at` AS t0_r3, comments.`id` AS t1_r0, comments.`body` AS t1_r1, comments.`post_id` AS t1_r2, comments.`created_at` AS t1_r3, comments.`updated_at` AS t1_r4 FROM `posts` LEFT OUTER JOIN `comments` ON comments.post_id = posts.id [0m
  [4;36;1mSQL (0.1ms)[0m   [0;1mSET NAMES 'utf8'[0m
  [4;35;1mSQL (0.1ms)[0m   [0mSET SQL_AUTO_IS_NULL=0[0m
  [4;36;1mPost Columns (1.5ms)[0m   [0;1mSHOW FIELDS FROM `posts`[0m
  [4;35;1mComment Columns (1.4ms)[0m   [0mSHOW FIELDS FROM `comments`[0m
  [4;36;1mSQL (0.1ms)[0m   [0;1mBEGIN[0m
  [4;35;1mSQL (0.1ms)[0m   [0mCOMMIT[0m
  [4;36;1mSQL (0.1ms)[0m   [0;1mBEGIN[0m
  [4;35;1mSQL (0.1ms)[0m   [0mCOMMIT[0m
  [4;36;1mSQL (0.1ms)[0m   [0;1mBEGIN[0m
  [4;35;1mSQL (0.1ms)[0m   [0mCOMMIT[0m
  [4;36;1mSQL (0.1ms)[0m   [0;1mBEGIN[0m
  [4;35;1mSQL (0.1ms)[0m   [0mCOMMIT[0m
  [4;36;1mSQL (0.1ms)[0m   [0;1mBEGIN[0m
  [4;35;1mSQL (0.1ms)[0m   [0mCOMMIT[0m
  [4;36;1mPost Load Including Associations (0.6ms)[0m   [0;1mSELECT posts.`id` AS t0_r0, posts.`title` AS t0_r1, posts.`created_at` AS t0_r2, posts.`updated_at` AS t0_r3, comments.`id` AS t1_r0, comments.`body` AS t1_r1, comments.`post_id` AS t1_r2, comments.`created_at` AS t1_r3, comments.`updated_at` AS t1_r4 FROM `posts` LEFT OUTER JOIN `comments` ON comments.post_id = posts.id [0m
  [4;36;1mSQL (0.2ms)[0m   [0;1mSET NAMES 'utf8'[0m
  [4;35;1mSQL (0.1ms)[0m   [0mSET SQL_AUTO_IS_NULL=0[0m
  [4;36;1mPost Columns (1.4ms)[0m   [0;1mSHOW FIELDS FROM `posts`[0m
  [4;35;1mComment Columns (1.3ms)[0m   [0mSHOW FIELDS FROM `comments`[0m
  [4;36;1mSQL (0.1ms)[0m   [0;1mBEGIN[0m
  [4;35;1mSQL (0.1ms)[0m   [0mCOMMIT[0m
  [4;36;1mSQL (0.1ms)[0m   [0;1mBEGIN[0m
  [4;35;1mSQL (0.1ms)[0m   [0mCOMMIT[0m
  [4;36;1mSQL (0.1ms)[0m   [0;1mBEGIN[0m
  [4;35;1mSQL (0.1ms)[0m   [0mCOMMIT[0m
  [4;36;1mSQL (0.1ms)[0m   [0;1mBEGIN[0m
  [4;35;1mSQL (0.1ms)[0m   [0mCOMMIT[0m
  [4;36;1mSQL (0.1ms)[0m   [0;1mBEGIN[0m
  [4;35;1mSQL (0.1ms)[0m   [0mCOMMIT[0m
  [4;36;1mPost Load Including Associations (1.0ms)[0m   [0;1mSELECT posts.`id` AS t0_r0, comments.`id` AS t1_r0, comments.`body` AS t1_r1, comments.`post_id` AS t1_r2, comments.`created_at` AS t1_r3, comments.`updated_at` AS t1_r4 FROM `posts` LEFT OUTER JOIN `comments` ON comments.post_id = posts.id [0m
  [4;36;1mSQL (0.1ms)[0m   [0;1mSET NAMES 'utf8'[0m
  [4;35;1mSQL (0.1ms)[0m   [0mSET SQL_AUTO_IS_NULL=0[0m
  [4;36;1mPost Columns (1.5ms)[0m   [0;1mSHOW FIELDS FROM `posts`[0m
  [4;35;1mComment Columns (1.3ms)[0m   [0mSHOW FIELDS FROM `comments`[0m
  [4;36;1mSQL (0.1ms)[0m   [0;1mBEGIN[0m
  [4;35;1mSQL (0.1ms)[0m   [0mCOMMIT[0m
  [4;36;1mSQL (0.1ms)[0m   [0;1mBEGIN[0m
  [4;35;1mSQL (0.1ms)[0m   [0mCOMMIT[0m
  [4;36;1mSQL (0.1ms)[0m   [0;1mBEGIN[0m
  [4;35;1mSQL (0.1ms)[0m   [0mCOMMIT[0m
  [4;36;1mSQL (0.1ms)[0m   [0;1mBEGIN[0m
  [4;35;1mSQL (0.1ms)[0m   [0mCOMMIT[0m
  [4;36;1mSQL (0.1ms)[0m   [0;1mBEGIN[0m
  [4;35;1mSQL (0.1ms)[0m   [0mCOMMIT[0m
  [4;36;1mPost Load Including Associations (0.7ms)[0m   [0;1mSELECT posts.`id` AS t0_r0, posts.`title` AS t0_r1, comments.`id` AS t1_r0, comments.`body` AS t1_r1, comments.`post_id` AS t1_r2, comments.`created_at` AS t1_r3, comments.`updated_at` AS t1_r4 FROM `posts` LEFT OUTER JOIN `comments` ON comments.post_id = posts.id [0m
  [4;36;1mSQL (0.1ms)[0m   [0;1mSET NAMES 'utf8'[0m
  [4;35;1mSQL (0.1ms)[0m   [0mSET SQL_AUTO_IS_NULL=0[0m
  [4;36;1mPost Columns (1.5ms)[0m   [0;1mSHOW FIELDS FROM `posts`[0m
  [4;35;1mComment Columns (1.2ms)[0m   [0mSHOW FIELDS FROM `comments`[0m
  [4;36;1mSQL (0.1ms)[0m   [0;1mBEGIN[0m
  [4;35;1mSQL (0.1ms)[0m   [0mCOMMIT[0m
  [4;36;1mSQL (0.1ms)[0m   [0;1mBEGIN[0m
  [4;35;1mSQL (0.1ms)[0m   [0mCOMMIT[0m
  [4;36;1mSQL (0.1ms)[0m   [0;1mBEGIN[0m
  [4;35;1mSQL (0.1ms)[0m   [0mCOMMIT[0m
  [4;36;1mSQL (0.1ms)[0m   [0;1mBEGIN[0m
  [4;35;1mSQL (0.1ms)[0m   [0mCOMMIT[0m
  [4;36;1mSQL (0.1ms)[0m   [0;1mBEGIN[0m
  [4;35;1mSQL (0.1ms)[0m   [0mCOMMIT[0m
  [4;36;1mPost Load Including Associations (0.5ms)[0m   [0;1mSELECT posts.`id` AS t0_r0, posts.`title` AS t0_r1, comments.`id` AS t1_r0 FROM `posts` LEFT OUTER JOIN `comments` ON comments.post_id = posts.id [0m
  [4;36;1mSQL (0.1ms)[0m   [0;1mSET NAMES 'utf8'[0m
  [4;35;1mSQL (0.1ms)[0m   [0mSET SQL_AUTO_IS_NULL=0[0m
  [4;36;1mPost Columns (1.9ms)[0m   [0;1mSHOW FIELDS FROM `posts`[0m
  [4;35;1mComment Columns (1.3ms)[0m   [0mSHOW FIELDS FROM `comments`[0m
  [4;36;1mSQL (0.1ms)[0m   [0;1mBEGIN[0m
  [4;35;1mSQL (0.1ms)[0m   [0mCOMMIT[0m
  [4;36;1mSQL (0.1ms)[0m   [0;1mBEGIN[0m
  [4;35;1mSQL (0.1ms)[0m   [0mCOMMIT[0m
  [4;36;1mSQL (0.1ms)[0m   [0;1mBEGIN[0m
  [4;35;1mSQL (0.1ms)[0m   [0mCOMMIT[0m
  [4;36;1mSQL (0.1ms)[0m   [0;1mBEGIN[0m
  [4;35;1mSQL (0.1ms)[0m   [0mCOMMIT[0m
  [4;36;1mSQL (0.1ms)[0m   [0;1mBEGIN[0m
  [4;35;1mSQL (0.1ms)[0m   [0mCOMMIT[0m
  [4;36;1mPost Load Including Associations (0.3ms)[0m   [0;1mSELECT posts.`id` AS t0_r0, posts.`title` AS t0_r1, comments.`id` AS t1_r0 FROM `posts` LEFT OUTER JOIN `comments` ON comments.post_id = posts.id [0m
  [4;36;1mSQL (0.1ms)[0m   [0;1mSET NAMES 'utf8'[0m
  [4;35;1mSQL (0.1ms)[0m   [0mSET SQL_AUTO_IS_NULL=0[0m
  [4;36;1mPost Columns (1.8ms)[0m   [0;1mSHOW FIELDS FROM `posts`[0m
  [4;35;1mComment Columns (1.3ms)[0m   [0mSHOW FIELDS FROM `comments`[0m
  [4;36;1mSQL (0.1ms)[0m   [0;1mBEGIN[0m
  [4;35;1mSQL (0.1ms)[0m   [0mCOMMIT[0m
  [4;36;1mSQL (0.1ms)[0m   [0;1mBEGIN[0m
  [4;35;1mSQL (0.1ms)[0m   [0mCOMMIT[0m
  [4;36;1mSQL (0.1ms)[0m   [0;1mBEGIN[0m
  [4;35;1mSQL (0.1ms)[0m   [0mCOMMIT[0m
  [4;36;1mSQL (0.1ms)[0m   [0;1mBEGIN[0m
  [4;35;1mSQL (0.1ms)[0m   [0mCOMMIT[0m
  [4;36;1mSQL (0.1ms)[0m   [0;1mBEGIN[0m
  [4;35;1mSQL (0.5ms)[0m   [0mCOMMIT[0m
  [4;36;1mPost Load Including Associations (0.6ms)[0m   [0;1mSELECT posts.`id` AS t0_r0, posts.`title` AS t0_r1, comments.`id` AS t1_r0 FROM `posts` LEFT OUTER JOIN `comments` ON comments.post_id = posts.id [0m
  [4;36;1mSQL (0.1ms)[0m   [0;1mSET NAMES 'utf8'[0m
  [4;35;1mSQL (0.1ms)[0m   [0mSET SQL_AUTO_IS_NULL=0[0m
  [4;36;1mPost Columns (1.9ms)[0m   [0;1mSHOW FIELDS FROM `posts`[0m
  [4;35;1mComment Columns (1.4ms)[0m   [0mSHOW FIELDS FROM `comments`[0m
  [4;36;1mSQL (0.1ms)[0m   [0;1mBEGIN[0m
  [4;35;1mSQL (0.1ms)[0m   [0mCOMMIT[0m
  [4;36;1mSQL (0.1ms)[0m   [0;1mBEGIN[0m
  [4;35;1mSQL (0.1ms)[0m   [0mCOMMIT[0m
  [4;36;1mSQL (0.1ms)[0m   [0;1mBEGIN[0m
  [4;35;1mSQL (0.1ms)[0m   [0mCOMMIT[0m
  [4;36;1mSQL (0.1ms)[0m   [0;1mBEGIN[0m
  [4;35;1mSQL (0.1ms)[0m   [0mCOMMIT[0m
  [4;36;1mSQL (0.1ms)[0m   [0;1mBEGIN[0m
  [4;35;1mSQL (0.2ms)[0m   [0mCOMMIT[0m
  [4;36;1mPost Load Including Associations (0.7ms)[0m   [0;1mSELECT posts.`id` AS t0_r0, posts.`title` AS t0_r1, comments.`id` AS t1_r0 FROM `posts` LEFT OUTER JOIN `comments` ON comments.post_id = posts.id [0m
  [4;35;1mPost Load (0.1ms)[0m   [0mSELECT * FROM `posts` [0m
  [4;36;1mSQL (0.1ms)[0m   [0;1mSET NAMES 'utf8'[0m
  [4;35;1mSQL (0.1ms)[0m   [0mSET SQL_AUTO_IS_NULL=0[0m
  [4;36;1mPost Columns (475.6ms)[0m   [0;1mSHOW FIELDS FROM `posts`[0m
  [4;35;1mComment Columns (14.7ms)[0m   [0mSHOW FIELDS FROM `comments`[0m
  [4;36;1mSQL (0.1ms)[0m   [0;1mBEGIN[0m
  [4;35;1mSQL (0.1ms)[0m   [0mCOMMIT[0m
  [4;36;1mSQL (0.1ms)[0m   [0;1mBEGIN[0m
  [4;35;1mSQL (0.1ms)[0m   [0mCOMMIT[0m
  [4;36;1mSQL (0.1ms)[0m   [0;1mBEGIN[0m
  [4;35;1mSQL (0.1ms)[0m   [0mCOMMIT[0m
  [4;36;1mSQL (0.4ms)[0m   [0;1mBEGIN[0m
  [4;35;1mSQL (0.1ms)[0m   [0mCOMMIT[0m
  [4;36;1mSQL (0.1ms)[0m   [0;1mBEGIN[0m
  [4;35;1mSQL (0.1ms)[0m   [0mCOMMIT[0m
  [4;36;1mSQL (0.1ms)[0m   [0;1mBEGIN[0m
  [4;35;1mPost Create (0.3ms)[0m   [0mINSERT INTO `posts` (`created_at`, `title`, `updated_at`) VALUES('2011-12-01 23:58:32', 'test', '2011-12-01 23:58:32')[0m
  [4;36;1mComment Create (0.2ms)[0m   [0;1mINSERT INTO `comments` (`created_at`, `body`, `updated_at`, `post_id`) VALUES('2011-12-01 23:58:32', 'body_1', '2011-12-01 23:58:32', 1)[0m
  [4;35;1mComment Create (0.7ms)[0m   [0mINSERT INTO `comments` (`created_at`, `body`, `updated_at`, `post_id`) VALUES('2011-12-01 23:58:32', 'body_2', '2011-12-01 23:58:32', 1)[0m
  [4;36;1mComment Create (0.2ms)[0m   [0;1mINSERT INTO `comments` (`created_at`, `body`, `updated_at`, `post_id`) VALUES('2011-12-01 23:58:32', 'body_3', '2011-12-01 23:58:32', 1)[0m
  [4;35;1mComment Create (0.2ms)[0m   [0mINSERT INTO `comments` (`created_at`, `body`, `updated_at`, `post_id`) VALUES('2011-12-01 23:58:32', 'body_4', '2011-12-01 23:58:32', 1)[0m
  [4;36;1mComment Create (0.2ms)[0m   [0;1mINSERT INTO `comments` (`created_at`, `body`, `updated_at`, `post_id`) VALUES('2011-12-01 23:58:32', 'body_5', '2011-12-01 23:58:32', 1)[0m
  [4;35;1mSQL (97.4ms)[0m   [0mCOMMIT[0m
  [4;36;1mPost Load Including Associations (0.3ms)[0m   [0;1mSELECT posts.`id` AS t0_r0, posts.`title` AS t0_r1, comments.`id` AS t1_r0 FROM `posts` LEFT OUTER JOIN `comments` ON comments.post_id = posts.id [0m
  [4;35;1mSQL (507.5ms)[0m   [0mSHOW TABLES[0m
  [4;36;1mSQL (0.1ms)[0m   [0;1mSET NAMES 'utf8'[0m
  [4;35;1mSQL (0.1ms)[0m   [0mSET SQL_AUTO_IS_NULL=0[0m
  [4;36;1mPost Columns (1.5ms)[0m   [0;1mSHOW FIELDS FROM `posts`[0m
  [4;35;1mComment Columns (1.3ms)[0m   [0mSHOW FIELDS FROM `comments`[0m
  [4;36;1mSQL (0.1ms)[0m   [0;1mBEGIN[0m
  [4;35;1mSQL (0.1ms)[0m   [0mCOMMIT[0m
  [4;36;1mSQL (0.1ms)[0m   [0;1mBEGIN[0m
  [4;35;1mSQL (0.1ms)[0m   [0mCOMMIT[0m
  [4;36;1mSQL (0.1ms)[0m   [0;1mBEGIN[0m
  [4;35;1mSQL (0.1ms)[0m   [0mCOMMIT[0m
  [4;36;1mSQL (0.1ms)[0m   [0;1mBEGIN[0m
  [4;35;1mSQL (0.2ms)[0m   [0mCOMMIT[0m
  [4;36;1mSQL (0.1ms)[0m   [0;1mBEGIN[0m
  [4;35;1mSQL (0.1ms)[0m   [0mCOMMIT[0m
  [4;36;1mSQL (0.1ms)[0m   [0;1mBEGIN[0m
  [4;35;1mPost Create (0.3ms)[0m   [0mINSERT INTO `posts` (`created_at`, `title`, `updated_at`) VALUES('2011-12-01 23:58:57', 'test', '2011-12-01 23:58:57')[0m
  [4;36;1mComment Create (0.2ms)[0m   [0;1mINSERT INTO `comments` (`created_at`, `body`, `updated_at`, `post_id`) VALUES('2011-12-01 23:58:57', 'body_1', '2011-12-01 23:58:57', 2)[0m
  [4;35;1mComment Create (0.2ms)[0m   [0mINSERT INTO `comments` (`created_at`, `body`, `updated_at`, `post_id`) VALUES('2011-12-01 23:58:57', 'body_2', '2011-12-01 23:58:57', 2)[0m
  [4;36;1mComment Create (0.1ms)[0m   [0;1mINSERT INTO `comments` (`created_at`, `body`, `updated_at`, `post_id`) VALUES('2011-12-01 23:58:57', 'body_3', '2011-12-01 23:58:57', 2)[0m
  [4;35;1mComment Create (0.1ms)[0m   [0mINSERT INTO `comments` (`created_at`, `body`, `updated_at`, `post_id`) VALUES('2011-12-01 23:58:57', 'body_4', '2011-12-01 23:58:57', 2)[0m
  [4;36;1mComment Create (0.2ms)[0m   [0;1mINSERT INTO `comments` (`created_at`, `body`, `updated_at`, `post_id`) VALUES('2011-12-01 23:58:57', 'body_5', '2011-12-01 23:58:57', 2)[0m
  [4;35;1mSQL (1.8ms)[0m   [0mCOMMIT[0m
  [4;36;1mPost Load Including Associations (0.3ms)[0m   [0;1mSELECT posts.`id` AS t0_r0, posts.`title` AS t0_r1, comments.`id` AS t1_r0 FROM `posts` LEFT OUTER JOIN `comments` ON comments.post_id = posts.id [0m
  [4;36;1mSQL (0.1ms)[0m   [0;1mSET NAMES 'utf8'[0m
  [4;35;1mSQL (0.1ms)[0m   [0mSET SQL_AUTO_IS_NULL=0[0m
  [4;36;1mPost Columns (1.8ms)[0m   [0;1mSHOW FIELDS FROM `posts`[0m
  [4;35;1mComment Columns (1.3ms)[0m   [0mSHOW FIELDS FROM `comments`[0m
  [4;36;1mSQL (0.1ms)[0m   [0;1mBEGIN[0m
  [4;35;1mSQL (0.1ms)[0m   [0mCOMMIT[0m
  [4;36;1mSQL (0.1ms)[0m   [0;1mBEGIN[0m
  [4;35;1mSQL (0.1ms)[0m   [0mCOMMIT[0m
  [4;36;1mSQL (0.1ms)[0m   [0;1mBEGIN[0m
  [4;35;1mSQL (0.1ms)[0m   [0mCOMMIT[0m
  [4;36;1mSQL (0.2ms)[0m   [0;1mBEGIN[0m
  [4;35;1mSQL (0.1ms)[0m   [0mCOMMIT[0m
  [4;36;1mSQL (0.1ms)[0m   [0;1mBEGIN[0m
  [4;35;1mSQL (0.8ms)[0m   [0mCOMMIT[0m
  [4;36;1mSQL (0.1ms)[0m   [0;1mBEGIN[0m
  [4;35;1mPost Create (0.3ms)[0m   [0mINSERT INTO `posts` (`created_at`, `title`, `updated_at`) VALUES('2011-12-01 23:59:06', 'test', '2011-12-01 23:59:06')[0m
  [4;36;1mComment Create (0.2ms)[0m   [0;1mINSERT INTO `comments` (`created_at`, `body`, `updated_at`, `post_id`) VALUES('2011-12-01 23:59:06', 'body_1', '2011-12-01 23:59:06', 3)[0m
  [4;35;1mComment Create (0.2ms)[0m   [0mINSERT INTO `comments` (`created_at`, `body`, `updated_at`, `post_id`) VALUES('2011-12-01 23:59:06', 'body_2', '2011-12-01 23:59:06', 3)[0m
  [4;36;1mComment Create (0.1ms)[0m   [0;1mINSERT INTO `comments` (`created_at`, `body`, `updated_at`, `post_id`) VALUES('2011-12-01 23:59:06', 'body_3', '2011-12-01 23:59:06', 3)[0m
  [4;35;1mComment Create (0.1ms)[0m   [0mINSERT INTO `comments` (`created_at`, `body`, `updated_at`, `post_id`) VALUES('2011-12-01 23:59:06', 'body_4', '2011-12-01 23:59:06', 3)[0m
  [4;36;1mComment Create (0.1ms)[0m   [0;1mINSERT INTO `comments` (`created_at`, `body`, `updated_at`, `post_id`) VALUES('2011-12-01 23:59:06', 'body_5', '2011-12-01 23:59:06', 3)[0m
  [4;35;1mSQL (1.7ms)[0m   [0mCOMMIT[0m
  [4;36;1mPost Load Including Associations (0.3ms)[0m   [0;1mSELECT posts.`id` AS t0_r0, posts.`title` AS t0_r1, comments.`id` AS t1_r0 FROM `posts` LEFT OUTER JOIN `comments` ON comments.post_id = posts.id [0m
  [4;36;1mSQL (0.1ms)[0m   [0;1mSET NAMES 'utf8'[0m
  [4;35;1mSQL (0.1ms)[0m   [0mSET SQL_AUTO_IS_NULL=0[0m
  [4;36;1mPost Columns (1.5ms)[0m   [0;1mSHOW FIELDS FROM `posts`[0m
  [4;35;1mComment Columns (1.3ms)[0m   [0mSHOW FIELDS FROM `comments`[0m
  [4;36;1mSQL (0.1ms)[0m   [0;1mBEGIN[0m
  [4;35;1mSQL (0.1ms)[0m   [0mCOMMIT[0m
  [4;36;1mSQL (0.1ms)[0m   [0;1mBEGIN[0m
  [4;35;1mSQL (0.1ms)[0m   [0mCOMMIT[0m
  [4;36;1mSQL (0.1ms)[0m   [0;1mBEGIN[0m
  [4;35;1mSQL (0.2ms)[0m   [0mCOMMIT[0m
  [4;36;1mSQL (0.3ms)[0m   [0;1mBEGIN[0m
  [4;35;1mSQL (0.1ms)[0m   [0mCOMMIT[0m
  [4;36;1mSQL (0.3ms)[0m   [0;1mBEGIN[0m
  [4;35;1mSQL (0.3ms)[0m   [0mCOMMIT[0m
  [4;36;1mSQL (0.1ms)[0m   [0;1mBEGIN[0m
  [4;35;1mPost Create (0.3ms)[0m   [0mINSERT INTO `posts` (`created_at`, `title`, `updated_at`) VALUES('2011-12-01 23:59:39', 'test', '2011-12-01 23:59:39')[0m
  [4;36;1mComment Create (0.2ms)[0m   [0;1mINSERT INTO `comments` (`created_at`, `body`, `updated_at`, `post_id`) VALUES('2011-12-01 23:59:39', 'body_1', '2011-12-01 23:59:39', 4)[0m
  [4;35;1mComment Create (0.1ms)[0m   [0mINSERT INTO `comments` (`created_at`, `body`, `updated_at`, `post_id`) VALUES('2011-12-01 23:59:39', 'body_2', '2011-12-01 23:59:39', 4)[0m
  [4;36;1mComment Create (0.1ms)[0m   [0;1mINSERT INTO `comments` (`created_at`, `body`, `updated_at`, `post_id`) VALUES('2011-12-01 23:59:39', 'body_3', '2011-12-01 23:59:39', 4)[0m
  [4;35;1mComment Create (0.2ms)[0m   [0mINSERT INTO `comments` (`created_at`, `body`, `updated_at`, `post_id`) VALUES('2011-12-01 23:59:39', 'body_4', '2011-12-01 23:59:39', 4)[0m
  [4;36;1mComment Create (0.2ms)[0m   [0;1mINSERT INTO `comments` (`created_at`, `body`, `updated_at`, `post_id`) VALUES('2011-12-01 23:59:39', 'body_5', '2011-12-01 23:59:39', 4)[0m
  [4;35;1mSQL (1.9ms)[0m   [0mCOMMIT[0m
  [4;36;1mPost Load Including Associations (0.3ms)[0m   [0;1mSELECT posts.`id` AS t0_r0, posts.`title` AS t0_r1, comments.`id` AS t1_r0 FROM `posts` LEFT OUTER JOIN `comments` ON comments.post_id = posts.id [0m
  [4;36;1mSQL (0.1ms)[0m   [0;1mSET NAMES 'utf8'[0m
  [4;35;1mSQL (0.1ms)[0m   [0mSET SQL_AUTO_IS_NULL=0[0m
  [4;36;1mPost Columns (28.7ms)[0m   [0;1mSHOW FIELDS FROM `posts`[0m
  [4;35;1mComment Columns (4.1ms)[0m   [0mSHOW FIELDS FROM `comments`[0m
  [4;36;1mSQL (0.3ms)[0m   [0;1mBEGIN[0m
  [4;35;1mSQL (0.1ms)[0m   [0mCOMMIT[0m
  [4;36;1mSQL (0.1ms)[0m   [0;1mBEGIN[0m
  [4;35;1mSQL (0.1ms)[0m   [0mCOMMIT[0m
  [4;36;1mSQL (0.1ms)[0m   [0;1mBEGIN[0m
  [4;35;1mSQL (0.2ms)[0m   [0mCOMMIT[0m
  [4;36;1mSQL (0.1ms)[0m   [0;1mBEGIN[0m
  [4;35;1mSQL (1.2ms)[0m   [0mCOMMIT[0m
  [4;36;1mSQL (0.1ms)[0m   [0;1mBEGIN[0m
  [4;35;1mSQL (0.1ms)[0m   [0mCOMMIT[0m
  [4;36;1mSQL (0.1ms)[0m   [0;1mBEGIN[0m
  [4;35;1mPost Create (0.3ms)[0m   [0mINSERT INTO `posts` (`created_at`, `title`, `updated_at`) VALUES('2011-12-01 23:59:55', 'test', '2011-12-01 23:59:55')[0m
  [4;36;1mComment Create (0.2ms)[0m   [0;1mINSERT INTO `comments` (`created_at`, `body`, `updated_at`, `post_id`) VALUES('2011-12-01 23:59:55', 'body_1', '2011-12-01 23:59:55', 5)[0m
  [4;35;1mComment Create (0.3ms)[0m   [0mINSERT INTO `comments` (`created_at`, `body`, `updated_at`, `post_id`) VALUES('2011-12-01 23:59:55', 'body_2', '2011-12-01 23:59:55', 5)[0m
  [4;36;1mComment Create (0.2ms)[0m   [0;1mINSERT INTO `comments` (`created_at`, `body`, `updated_at`, `post_id`) VALUES('2011-12-01 23:59:55', 'body_3', '2011-12-01 23:59:55', 5)[0m
  [4;35;1mComment Create (0.1ms)[0m   [0mINSERT INTO `comments` (`created_at`, `body`, `updated_at`, `post_id`) VALUES('2011-12-01 23:59:55', 'body_4', '2011-12-01 23:59:55', 5)[0m
  [4;36;1mComment Create (0.1ms)[0m   [0;1mINSERT INTO `comments` (`created_at`, `body`, `updated_at`, `post_id`) VALUES('2011-12-01 23:59:55', 'body_5', '2011-12-01 23:59:55', 5)[0m
  [4;35;1mSQL (234.8ms)[0m   [0mCOMMIT[0m
  [4;36;1mPost Load Including Associations (1.1ms)[0m   [0;1mSELECT `posts`.`id` AS t0_r0, `posts`.`title` AS t0_r1, `posts`.`created_at` AS t0_r2, `posts`.`updated_at` AS t0_r3, `comments`.`id` AS t1_r0, `comments`.`body` AS t1_r1, `comments`.`post_id` AS t1_r2, `comments`.`created_at` AS t1_r3, `comments`.`updated_at` AS t1_r4 FROM `posts` LEFT OUTER JOIN `comments` ON comments.post_id = posts.id [0m
  [4;36;1mSQL (0.1ms)[0m   [0;1mSET NAMES 'utf8'[0m
  [4;35;1mSQL (0.1ms)[0m   [0mSET SQL_AUTO_IS_NULL=0[0m
  [4;36;1mPost Columns (2.0ms)[0m   [0;1mSHOW FIELDS FROM `posts`[0m
  [4;35;1mComment Columns (1.4ms)[0m   [0mSHOW FIELDS FROM `comments`[0m
  [4;36;1mSQL (0.1ms)[0m   [0;1mBEGIN[0m
  [4;35;1mSQL (0.1ms)[0m   [0mCOMMIT[0m
  [4;36;1mSQL (0.1ms)[0m   [0;1mBEGIN[0m
  [4;35;1mSQL (0.1ms)[0m   [0mCOMMIT[0m
  [4;36;1mSQL (0.1ms)[0m   [0;1mBEGIN[0m
  [4;35;1mSQL (0.1ms)[0m   [0mCOMMIT[0m
  [4;36;1mSQL (0.1ms)[0m   [0;1mBEGIN[0m
  [4;35;1mSQL (0.1ms)[0m   [0mCOMMIT[0m
  [4;36;1mSQL (0.1ms)[0m   [0;1mBEGIN[0m
  [4;35;1mSQL (1.2ms)[0m   [0mCOMMIT[0m
  [4;36;1mSQL (0.3ms)[0m   [0;1mBEGIN[0m
  [4;35;1mPost Create (0.3ms)[0m   [0mINSERT INTO `posts` (`created_at`, `title`, `updated_at`) VALUES('2011-12-02 00:00:10', 'test', '2011-12-02 00:00:10')[0m
  [4;36;1mComment Create (0.2ms)[0m   [0;1mINSERT INTO `comments` (`created_at`, `body`, `updated_at`, `post_id`) VALUES('2011-12-02 00:00:10', 'body_1', '2011-12-02 00:00:10', 6)[0m
  [4;35;1mComment Create (0.1ms)[0m   [0mINSERT INTO `comments` (`created_at`, `body`, `updated_at`, `post_id`) VALUES('2011-12-02 00:00:10', 'body_2', '2011-12-02 00:00:10', 6)[0m
  [4;36;1mComment Create (0.1ms)[0m   [0;1mINSERT INTO `comments` (`created_at`, `body`, `updated_at`, `post_id`) VALUES('2011-12-02 00:00:10', 'body_3', '2011-12-02 00:00:10', 6)[0m
  [4;35;1mComment Create (0.1ms)[0m   [0mINSERT INTO `comments` (`created_at`, `body`, `updated_at`, `post_id`) VALUES('2011-12-02 00:00:10', 'body_4', '2011-12-02 00:00:10', 6)[0m
  [4;36;1mComment Create (0.1ms)[0m   [0;1mINSERT INTO `comments` (`created_at`, `body`, `updated_at`, `post_id`) VALUES('2011-12-02 00:00:10', 'body_5', '2011-12-02 00:00:10', 6)[0m
  [4;35;1mSQL (2.3ms)[0m   [0mCOMMIT[0m
  [4;36;1mPost Load Including Associations (0.4ms)[0m   [0;1mSELECT posts.`id` AS t0_r0, posts.`title` AS t0_r1, comments.`id` AS t1_r0 FROM `posts` LEFT OUTER JOIN `comments` ON comments.post_id = posts.id [0m
  [4;36;1mSQL (0.1ms)[0m   [0;1mSET NAMES 'utf8'[0m
  [4;35;1mSQL (0.1ms)[0m   [0mSET SQL_AUTO_IS_NULL=0[0m
  [4;36;1mPost Columns (1.5ms)[0m   [0;1mSHOW FIELDS FROM `posts`[0m
  [4;35;1mComment Columns (3.2ms)[0m   [0mSHOW FIELDS FROM `comments`[0m
  [4;36;1mSQL (0.1ms)[0m   [0;1mBEGIN[0m
  [4;35;1mSQL (0.1ms)[0m   [0mCOMMIT[0m
  [4;36;1mSQL (1.3ms)[0m   [0;1mBEGIN[0m
  [4;35;1mSQL (0.1ms)[0m   [0mCOMMIT[0m
  [4;36;1mSQL (0.1ms)[0m   [0;1mBEGIN[0m
  [4;35;1mSQL (0.1ms)[0m   [0mCOMMIT[0m
  [4;36;1mSQL (0.1ms)[0m   [0;1mBEGIN[0m
  [4;35;1mSQL (0.1ms)[0m   [0mCOMMIT[0m
  [4;36;1mSQL (0.1ms)[0m   [0;1mBEGIN[0m
  [4;35;1mSQL (0.1ms)[0m   [0mCOMMIT[0m
  [4;36;1mSQL (0.1ms)[0m   [0;1mBEGIN[0m
  [4;35;1mPost Create (0.3ms)[0m   [0mINSERT INTO `posts` (`created_at`, `title`, `updated_at`) VALUES('2011-12-02 00:07:03', 'test', '2011-12-02 00:07:03')[0m
  [4;36;1mComment Create (0.2ms)[0m   [0;1mINSERT INTO `comments` (`created_at`, `body`, `updated_at`, `post_id`) VALUES('2011-12-02 00:07:03', 'body_1', '2011-12-02 00:07:03', 7)[0m
  [4;35;1mComment Create (0.2ms)[0m   [0mINSERT INTO `comments` (`created_at`, `body`, `updated_at`, `post_id`) VALUES('2011-12-02 00:07:03', 'body_2', '2011-12-02 00:07:03', 7)[0m
  [4;36;1mComment Create (0.2ms)[0m   [0;1mINSERT INTO `comments` (`created_at`, `body`, `updated_at`, `post_id`) VALUES('2011-12-02 00:07:03', 'body_3', '2011-12-02 00:07:03', 7)[0m
  [4;35;1mComment Create (0.1ms)[0m   [0mINSERT INTO `comments` (`created_at`, `body`, `updated_at`, `post_id`) VALUES('2011-12-02 00:07:03', 'body_4', '2011-12-02 00:07:03', 7)[0m
  [4;36;1mComment Create (0.1ms)[0m   [0;1mINSERT INTO `comments` (`created_at`, `body`, `updated_at`, `post_id`) VALUES('2011-12-02 00:07:03', 'body_5', '2011-12-02 00:07:03', 7)[0m
  [4;35;1mSQL (2.0ms)[0m   [0mCOMMIT[0m
  [4;36;1mPost Load Including Associations (0.4ms)[0m   [0;1mSELECT posts.`id` AS t0_r0, posts.`title` AS t0_r1, comments.`id` AS t1_r0 FROM `posts` LEFT OUTER JOIN `comments` ON comments.post_id = posts.id [0m
  [4;36;1mSQL (0.1ms)[0m   [0;1mSET NAMES 'utf8'[0m
  [4;35;1mSQL (0.1ms)[0m   [0mSET SQL_AUTO_IS_NULL=0[0m
  [4;36;1mPost Columns (2307.1ms)[0m   [0;1mSHOW FIELDS FROM `posts`[0m
  [4;35;1mComment Columns (2.0ms)[0m   [0mSHOW FIELDS FROM `comments`[0m
  [4;36;1mSQL (1.8ms)[0m   [0;1mBEGIN[0m
  [4;35;1mSQL (0.1ms)[0m   [0mCOMMIT[0m
  [4;36;1mSQL (0.2ms)[0m   [0;1mBEGIN[0m
  [4;35;1mSQL (0.1ms)[0m   [0mCOMMIT[0m
  [4;36;1mSQL (0.2ms)[0m   [0;1mBEGIN[0m
  [4;35;1mSQL (0.2ms)[0m   [0mCOMMIT[0m
  [4;36;1mSQL (0.1ms)[0m   [0;1mBEGIN[0m
  [4;35;1mSQL (0.2ms)[0m   [0mCOMMIT[0m
  [4;36;1mSQL (0.1ms)[0m   [0;1mBEGIN[0m
  [4;35;1mSQL (0.1ms)[0m   [0mCOMMIT[0m
  [4;36;1mSQL (0.1ms)[0m   [0;1mBEGIN[0m
  [4;35;1mPost Create (0.3ms)[0m   [0mINSERT INTO `posts` (`created_at`, `title`, `updated_at`) VALUES('2011-12-02 00:10:15', 'test', '2011-12-02 00:10:15')[0m
  [4;36;1mComment Create (0.2ms)[0m   [0;1mINSERT INTO `comments` (`created_at`, `body`, `updated_at`, `post_id`) VALUES('2011-12-02 00:10:15', 'body_1', '2011-12-02 00:10:15', 8)[0m
  [4;35;1mComment Create (0.2ms)[0m   [0mINSERT INTO `comments` (`created_at`, `body`, `updated_at`, `post_id`) VALUES('2011-12-02 00:10:15', 'body_2', '2011-12-02 00:10:15', 8)[0m
  [4;36;1mComment Create (0.3ms)[0m   [0;1mINSERT INTO `comments` (`created_at`, `body`, `updated_at`, `post_id`) VALUES('2011-12-02 00:10:15', 'body_3', '2011-12-02 00:10:15', 8)[0m
  [4;35;1mComment Create (0.2ms)[0m   [0mINSERT INTO `comments` (`created_at`, `body`, `updated_at`, `post_id`) VALUES('2011-12-02 00:10:15', 'body_4', '2011-12-02 00:10:15', 8)[0m
  [4;36;1mComment Create (0.4ms)[0m   [0;1mINSERT INTO `comments` (`created_at`, `body`, `updated_at`, `post_id`) VALUES('2011-12-02 00:10:15', 'body_5', '2011-12-02 00:10:15', 8)[0m
  [4;35;1mSQL (3.1ms)[0m   [0mCOMMIT[0m
  [4;36;1mPost Load Including Associations (0.4ms)[0m   [0;1mSELECT posts.`id` AS t0_r0, posts.`title` AS t0_r1, comments.`id` AS t1_r0 FROM `posts` LEFT OUTER JOIN `comments` ON comments.post_id = posts.id [0m
  [4;36;1mSQL (0.1ms)[0m   [0;1mSET NAMES 'utf8'[0m
  [4;35;1mSQL (0.1ms)[0m   [0mSET SQL_AUTO_IS_NULL=0[0m
  [4;36;1mPost Columns (1.5ms)[0m   [0;1mSHOW FIELDS FROM `posts`[0m
  [4;35;1mComment Columns (1.4ms)[0m   [0mSHOW FIELDS FROM `comments`[0m
  [4;36;1mSQL (0.1ms)[0m   [0;1mBEGIN[0m
  [4;35;1mSQL (0.1ms)[0m   [0mCOMMIT[0m
  [4;36;1mSQL (0.1ms)[0m   [0;1mBEGIN[0m
  [4;35;1mSQL (0.1ms)[0m   [0mCOMMIT[0m
  [4;36;1mSQL (0.1ms)[0m   [0;1mBEGIN[0m
  [4;35;1mSQL (0.1ms)[0m   [0mCOMMIT[0m
  [4;36;1mSQL (0.1ms)[0m   [0;1mBEGIN[0m
  [4;35;1mSQL (0.1ms)[0m   [0mCOMMIT[0m
  [4;36;1mSQL (0.1ms)[0m   [0;1mBEGIN[0m
  [4;35;1mSQL (0.1ms)[0m   [0mCOMMIT[0m
  [4;36;1mSQL (0.1ms)[0m   [0;1mBEGIN[0m
  [4;35;1mPost Create (0.3ms)[0m   [0mINSERT INTO `posts` (`created_at`, `title`, `updated_at`) VALUES('2011-12-02 00:11:47', 'test', '2011-12-02 00:11:47')[0m
  [4;36;1mComment Create (0.3ms)[0m   [0;1mINSERT INTO `comments` (`created_at`, `body`, `updated_at`, `post_id`) VALUES('2011-12-02 00:11:47', 'body_1', '2011-12-02 00:11:47', 9)[0m
  [4;35;1mComment Create (0.2ms)[0m   [0mINSERT INTO `comments` (`created_at`, `body`, `updated_at`, `post_id`) VALUES('2011-12-02 00:11:47', 'body_2', '2011-12-02 00:11:47', 9)[0m
  [4;36;1mComment Create (0.2ms)[0m   [0;1mINSERT INTO `comments` (`created_at`, `body`, `updated_at`, `post_id`) VALUES('2011-12-02 00:11:47', 'body_3', '2011-12-02 00:11:47', 9)[0m
  [4;35;1mComment Create (0.1ms)[0m   [0mINSERT INTO `comments` (`created_at`, `body`, `updated_at`, `post_id`) VALUES('2011-12-02 00:11:47', 'body_4', '2011-12-02 00:11:47', 9)[0m
  [4;36;1mComment Create (0.2ms)[0m   [0;1mINSERT INTO `comments` (`created_at`, `body`, `updated_at`, `post_id`) VALUES('2011-12-02 00:11:47', 'body_5', '2011-12-02 00:11:47', 9)[0m
  [4;35;1mSQL (1.8ms)[0m   [0mCOMMIT[0m
  [4;36;1mPost Load Including Associations (0.5ms)[0m   [0;1mSELECT posts.`id` AS t0_r0, posts.`title` AS t0_r1, comments.`id` AS t1_r0 FROM `posts` LEFT OUTER JOIN `comments` ON comments.post_id = posts.id [0m
  [4;36;1mSQL (0.1ms)[0m   [0;1mSET NAMES 'utf8'[0m
  [4;35;1mSQL (0.1ms)[0m   [0mSET SQL_AUTO_IS_NULL=0[0m
  [4;36;1mPost Columns (3.3ms)[0m   [0;1mSHOW FIELDS FROM `posts`[0m
  [4;35;1mComment Columns (1.5ms)[0m   [0mSHOW FIELDS FROM `comments`[0m
  [4;36;1mSQL (1.5ms)[0m   [0;1mBEGIN[0m
  [4;35;1mSQL (0.3ms)[0m   [0mCOMMIT[0m
  [4;36;1mSQL (0.2ms)[0m   [0;1mBEGIN[0m
  [4;35;1mSQL (0.1ms)[0m   [0mCOMMIT[0m
  [4;36;1mSQL (0.1ms)[0m   [0;1mBEGIN[0m
  [4;35;1mSQL (0.1ms)[0m   [0mCOMMIT[0m
  [4;36;1mSQL (0.1ms)[0m   [0;1mBEGIN[0m
  [4;35;1mSQL (0.1ms)[0m   [0mCOMMIT[0m
  [4;36;1mSQL (0.1ms)[0m   [0;1mBEGIN[0m
  [4;35;1mSQL (0.1ms)[0m   [0mCOMMIT[0m
  [4;36;1mSQL (0.1ms)[0m   [0;1mBEGIN[0m
  [4;35;1mPost Create (0.3ms)[0m   [0mINSERT INTO `posts` (`created_at`, `title`, `updated_at`) VALUES('2011-12-02 00:20:58', 'test', '2011-12-02 00:20:58')[0m
  [4;36;1mComment Create (0.2ms)[0m   [0;1mINSERT INTO `comments` (`created_at`, `body`, `updated_at`, `post_id`) VALUES('2011-12-02 00:20:58', 'body_1', '2011-12-02 00:20:58', 10)[0m
  [4;35;1mComment Create (0.2ms)[0m   [0mINSERT INTO `comments` (`created_at`, `body`, `updated_at`, `post_id`) VALUES('2011-12-02 00:20:58', 'body_2', '2011-12-02 00:20:58', 10)[0m
  [4;36;1mComment Create (0.2ms)[0m   [0;1mINSERT INTO `comments` (`created_at`, `body`, `updated_at`, `post_id`) VALUES('2011-12-02 00:20:58', 'body_3', '2011-12-02 00:20:58', 10)[0m
  [4;35;1mComment Create (0.1ms)[0m   [0mINSERT INTO `comments` (`created_at`, `body`, `updated_at`, `post_id`) VALUES('2011-12-02 00:20:58', 'body_4', '2011-12-02 00:20:58', 10)[0m
  [4;36;1mComment Create (0.1ms)[0m   [0;1mINSERT INTO `comments` (`created_at`, `body`, `updated_at`, `post_id`) VALUES('2011-12-02 00:20:58', 'body_5', '2011-12-02 00:20:58', 10)[0m
  [4;35;1mSQL (2.1ms)[0m   [0mCOMMIT[0m
  [4;36;1mPost Load Including Associations (0.5ms)[0m   [0;1mSELECT posts.`id` AS t0_r0, posts.`title` AS t0_r1, comments.`id` AS t1_r0 FROM `posts` LEFT OUTER JOIN `comments` ON comments.post_id = posts.id [0m
